# JRE version: Java(TM) SE Runtime Environment (15.0.1+9) (build 15.0.1+9-18)
# Java VM: Java HotSpot(TM) 64-Bit Server VM (15.0.1+9-18, mixed mode, sharing, tiered, compressed oops, g1 gc, windows-amd64)
GC Precious Log:
 CPUs: 4 total, 4 available
 Memory: 8072M
 Large Page Support: Disabled
 NUMA Support: Disabled
 Compressed Oops: Enabled (32-bit)
 Heap Region Size: 1M
 Heap Min Capacity: 256M
 Heap Initial Capacity: 256M
 Heap Max Capacity: 512M
 Pre-touch: Disabled
 Parallel Workers: 4
 Concurrent Workers: 1
 Concurrent Refinement Workers: 4
 Periodic GC: Disabled
Heap:
 garbage-first heap   total 262144K, used 96428K [0x00000000e0000000, 0x0000000100000000)
  region size 1024K, 86 young (88064K), 1 survivors (1024K)
 Metaspace       used 18071K, capacity 18545K, committed 18688K, reserved 270336K
  class space    used 2590K, capacity 2715K, committed 2816K, reserved 253952K
GC Heap History (6 events):
Event: 0.472 GC heap before
{Heap before GC invocations=0 (full 0):
 garbage-first heap   total 262144K, used 15360K [0x00000000e0000000, 0x0000000100000000)
  region size 1024K, 13 young (13312K), 0 survivors (0K)
 Metaspace       used 1134K, capacity 4857K, committed 5120K, reserved 262144K
  class space    used 92K, capacity 467K, committed 512K, reserved 253952K
}
Event: 0.476 GC heap after
{Heap after GC invocations=1 (full 0):
 garbage-first heap   total 262144K, used 4014K [0x00000000e0000000, 0x0000000100000000)
  region size 1024K, 2 young (2048K), 2 survivors (2048K)
 Metaspace       used 1134K, capacity 4857K, committed 5120K, reserved 262144K
  class space    used 92K, capacity 467K, committed 512K, reserved 253952K
}
Event: 0.958 GC heap before
{Heap before GC invocations=1 (full 0):
 garbage-first heap   total 262144K, used 21422K [0x00000000e0000000, 0x0000000100000000)
  region size 1024K, 17 young (17408K), 2 survivors (2048K)
 Metaspace       used 3694K, capacity 6352K, committed 6656K, reserved 262144K
  class space    used 455K, capacity 708K, committed 768K, reserved 253952K
}
Event: 0.963 GC heap after
{Heap after GC invocations=2 (full 0):
 garbage-first heap   total 262144K, used 9853K [0x00000000e0000000, 0x0000000100000000)
  region size 1024K, 3 young (3072K), 3 survivors (3072K)
 Metaspace       used 3694K, capacity 6352K, committed 6656K, reserved 262144K
  class space    used 455K, capacity 708K, committed 768K, reserved 253952K
}
Event: 1.315 GC heap before
{Heap before GC invocations=2 (full 0):
 garbage-first heap   total 262144K, used 31357K [0x00000000e0000000, 0x0000000100000000)
  region size 1024K, 24 young (24576K), 3 survivors (3072K)
 Metaspace       used 4387K, capacity 6803K, committed 7040K, reserved 262144K
  class space    used 526K, capacity 773K, committed 896K, reserved 253952K
}
Event: 1.318 GC heap after
{Heap after GC invocations=3 (full 0):
 garbage-first heap   total 262144K, used 10412K [0x00000000e0000000, 0x0000000100000000)
  region size 1024K, 1 young (1024K), 1 survivors (1024K)
 Metaspace       used 4387K, capacity 6803K, committed 7040K, reserved 262144K
  class space    used 526K, capacity 773K, committed 896K, reserved 253952K
}

