# JRE version: Java(TM) SE Runtime Environment (15.0.1+9) (build 15.0.1+9-18)
# Java VM: Java HotSpot(TM) 64-Bit Server VM (15.0.1+9-18, mixed mode, sharing, tiered, compressed oops, g1 gc, windows-amd64)
GC Precious Log:
 CPUs: 4 total, 4 available
 Memory: 8072M
 Large Page Support: Disabled
 NUMA Support: Disabled
 Compressed Oops: Enabled (32-bit)
 Heap Region Size: 1M
 Heap Min Capacity: 8M
 Heap Initial Capacity: 128M
 Heap Max Capacity: 512M
 Pre-touch: Disabled
 Parallel Workers: 4
 Concurrent Workers: 1
 Concurrent Refinement Workers: 4
 Periodic GC: Disabled
Heap:
 garbage-first heap   total 51200K, used 17714K [0x00000000e0000000, 0x0000000100000000)
  region size 1024K, 3 young (3072K), 2 survivors (2048K)
 Metaspace       used 30097K, capacity 30637K, committed 30720K, reserved 1075200K
  class space    used 3841K, capacity 4021K, committed 4096K, reserved 1048576K
GC Heap History (14 events):
Event: 0.570 GC heap before
{Heap before GC invocations=0 (full 0):
 garbage-first heap   total 131072K, used 12288K [0x00000000e0000000, 0x0000000100000000)
  region size 1024K, 13 young (13312K), 0 survivors (0K)
 Metaspace       used 3447K, capacity 5630K, committed 5760K, reserved 1056768K
  class space    used 410K, capacity 627K, committed 640K, reserved 1048576K
}
Event: 0.576 GC heap after
{Heap after GC invocations=1 (full 0):
 garbage-first heap   total 131072K, used 6541K [0x00000000e0000000, 0x0000000100000000)
  region size 1024K, 2 young (2048K), 2 survivors (2048K)
 Metaspace       used 3447K, capacity 5630K, committed 5760K, reserved 1056768K
  class space    used 410K, capacity 627K, committed 640K, reserved 1048576K
}
Event: 0.935 GC heap before
{Heap before GC invocations=1 (full 0):
 garbage-first heap   total 131072K, used 11661K [0x00000000e0000000, 0x0000000100000000)
  region size 1024K, 7 young (7168K), 2 survivors (2048K)
 Metaspace       used 5407K, capacity 6550K, committed 6656K, reserved 1056768K
  class space    used 671K, capacity 761K, committed 768K, reserved 1048576K
}
Event: 0.938 GC heap after
{Heap after GC invocations=2 (full 0):
 garbage-first heap   total 131072K, used 6907K [0x00000000e0000000, 0x0000000100000000)
  region size 1024K, 1 young (1024K), 1 survivors (1024K)
 Metaspace       used 5407K, capacity 6550K, committed 6656K, reserved 1056768K
  class space    used 671K, capacity 761K, committed 768K, reserved 1048576K
}
Event: 1.591 GC heap before
{Heap before GC invocations=2 (full 0):
 garbage-first heap   total 131072K, used 28411K [0x00000000e0000000, 0x0000000100000000)
  region size 1024K, 22 young (22528K), 1 survivors (1024K)
 Metaspace       used 9943K, capacity 10237K, committed 10368K, reserved 1058816K
  class space    used 1279K, capacity 1387K, committed 1408K, reserved 1048576K
}
Event: 1.594 GC heap after
{Heap after GC invocations=3 (full 0):
 garbage-first heap   total 131072K, used 7987K [0x00000000e0000000, 0x0000000100000000)
  region size 1024K, 2 young (2048K), 2 survivors (2048K)
 Metaspace       used 9943K, capacity 10237K, committed 10368K, reserved 1058816K
  class space    used 1279K, capacity 1387K, committed 1408K, reserved 1048576K
}
Event: 4.364 GC heap before
{Heap before GC invocations=3 (full 0):
 garbage-first heap   total 131072K, used 63283K [0x00000000e0000000, 0x0000000100000000)
  region size 1024K, 58 young (59392K), 2 survivors (2048K)
 Metaspace       used 20768K, capacity 21133K, committed 21248K, reserved 1067008K
  class space    used 2651K, capacity 2752K, committed 2816K, reserved 1048576K
}
Event: 4.371 GC heap after
{Heap after GC invocations=4 (full 0):
 garbage-first heap   total 131072K, used 10627K [0x00000000e0000000, 0x0000000100000000)
  region size 1024K, 5 young (5120K), 5 survivors (5120K)
 Metaspace       used 20768K, capacity 21133K, committed 21248K, reserved 1067008K
  class space    used 2651K, capacity 2752K, committed 2816K, reserved 1048576K
}
Event: 6.623 GC heap before
{Heap before GC invocations=5 (full 0):
 garbage-first heap   total 45056K, used 43395K [0x00000000e0000000, 0x0000000100000000)
  region size 1024K, 37 young (37888K), 5 survivors (5120K)
 Metaspace       used 24302K, capacity 24713K, committed 24832K, reserved 1071104K
  class space    used 3121K, capacity 3233K, committed 3328K, reserved 1048576K
}
Event: 6.631 GC heap after
{Heap after GC invocations=6 (full 0):
 garbage-first heap   total 51200K, used 11864K [0x00000000e0000000, 0x0000000100000000)
  region size 1024K, 6 young (6144K), 6 survivors (6144K)
 Metaspace       used 24302K, capacity 24713K, committed 24832K, reserved 1071104K
  class space    used 3121K, capacity 3233K, committed 3328K, reserved 1048576K
}
Event: 8.050 GC heap before
{Heap before GC invocations=6 (full 0):
 garbage-first heap   total 51200K, used 35416K [0x00000000e0000000, 0x0000000100000000)
  region size 1024K, 29 young (29696K), 6 survivors (6144K)
 Metaspace       used 27308K, capacity 27768K, committed 28032K, reserved 1073152K
  class space    used 3511K, capacity 3648K, committed 3712K, reserved 1048576K
}
Event: 8.058 GC heap after
{Heap after GC invocations=7 (full 0):
 garbage-first heap   total 51200K, used 14280K [0x00000000e0000000, 0x0000000100000000)
  region size 1024K, 4 young (4096K), 4 survivors (4096K)
 Metaspace       used 27308K, capacity 27768K, committed 28032K, reserved 1073152K
  class space    used 3511K, capacity 3648K, committed 3712K, reserved 1048576K
}
Event: 8.717 GC heap before
{Heap before GC invocations=7 (full 0):
 garbage-first heap   total 51200K, used 36808K [0x00000000e0000000, 0x0000000100000000)
  region size 1024K, 26 young (26624K), 4 survivors (4096K)
 Metaspace       used 28866K, capacity 29340K, committed 29568K, reserved 1075200K
  class space    used 3706K, capacity 3848K, committed 3968K, reserved 1048576K
}
Event: 8.724 GC heap after
{Heap after GC invocations=8 (full 0):
 garbage-first heap   total 51200K, used 16941K [0x00000000e0000000, 0x0000000100000000)
  region size 1024K, 3 young (3072K), 3 survivors (3072K)
 Metaspace       used 28866K, capacity 29340K, committed 29568K, reserved 1075200K
  class space    used 3706K, capacity 3848K, committed 3968K, reserved 1048576K
}

